<?xml version="1.0" encoding="UTF-8"?>
<!-- Generated by org.testng.reporters.JUnitReportReporter -->
<testsuite hostname="admin" failures="0" tests="1" name="automate_Flipkart.Class2" time="22.192" errors="0" timestamp="2023-01-17T23:22:52 IST" skipped="0">
  <testcase classname="automate_Flipkart.Class2" name="openBrowser" time="22.192"/>
  <system-out/>
</testsuite> <!-- automate_Flipkart.Class2 -->
