<?xml version="1.0" encoding="UTF-8"?>
<!-- Generated by org.testng.reporters.JUnitReportReporter -->
<testsuite hostname="admin" failures="0" tests="1" name="automate_Flipkart.BaseClass" time="165.793" errors="0" timestamp="2023-01-19T09:33:30 IST" skipped="0">
  <testcase classname="automate_Flipkart.BaseClass" name="testcode" time="165.793"/>
  <system-out/>
</testsuite> <!-- automate_Flipkart.BaseClass -->
